[container]:/opt/kubernetes-anywhere> make config

CONFIG_="." kconfig-conf Kconfig
*
* Kubernetes Minimal Turnup Configuration
*
*
* Phase 1: Cluster Resource Provisioning
*
number of nodes (phase1.num_nodes) [4] (NEW) 3
kubernetes cluster name (phase1.cluster_name) [kubernetes] (NEW) k8s
SSH user to login to OS for provisioning (phase1.ssh_user) [] (NEW) chilcano
*
* cloud provider: gce, azure or vsphere
*
cloud provider: gce, azure or vsphere (phase1.cloud_provider) [vsphere] (NEW) vsphere
  *
  * vSphere configuration
  *
  vCenter URL Ex: 10.192.10.30 or myvcenter.io (without https://) (phase1.vSphere.url) [] (NEW) 192.168.100.10
  vCenter port (phase1.vSphere.port) [443] (NEW) 443
  vCenter username (phase1.vSphere.username) [] (NEW) rogerca@RISELABTLV.LOCAL
  vCenter password (phase1.vSphere.password) [] (NEW) xxxxxx
  Does host use self-signed cert (phase1.vSphere.insecure) [Y/n/?] (NEW)
  Datacenter (phase1.vSphere.datacenter) [datacenter] (NEW) Rise
  Datastore (phase1.vSphere.datastore) [datastore] (NEW) vsanDatastore
  Deploy Kubernetes Cluster on 'host' or 'cluster' (phase1.vSphere.placement) [cluster] (NEW)
    vsphere cluster name. Please make sure that all the hosts in the cluster are time-synchronized otherwise some of the nodes can remain in pending state for ever due to expired certificate (phase1.vSphere.cluster) [] (NEW)
  Do you want to use the existing resource pool on the host or cluster? [yes, no] (phase1.vSphere.useresourcepool) [no] (NEW)
  VM Folder name or Path (e.g kubernetes, VMFolder1/dev-cluster, VMFolder1/Test Group1/test-cluster). Folder path will be created if not present (phase1.vSphere.vmfolderpath) [kubernetes] (NEW) OB
  Number of vCPUs for each VM (phase1.vSphere.vcpu) [1] (NEW)
  Memory for VM (phase1.vSphere.memory) [2048] (NEW)
  Network for VM (phase1.vSphere.network) [VM Network] (NEW)
  Name of the template VM imported from OVA. If Template file is not available at the destination location specify vm path (phase1.vSphere.template) [KubernetesAnywhereTemplatePhotonOS.ova] (NEW)
  Flannel Network (phase1.vSphere.flannel_net) [172.1.0.0/16] (NEW)
*
* Phase 2: Node Bootstrapping
*
kubernetes version (phase2.kubernetes_version) [v1.6.5] (NEW)
bootstrap provider (phase2.provider) [ignition] (NEW)
  installer container (phase2.installer_container) [docker.io/cnastorage/k8s-ignition:v2] (NEW)
  docker registry (phase2.docker_registry) [gcr.io/google-containers] (NEW)
*
* Phase 3: Deploying Addons
*
Run the addon manager? (phase3.run_addons) [Y/n/?] (NEW)
  Run kube-proxy? (phase3.kube_proxy) [Y/n/?] (NEW)
  Run the dashboard? (phase3.dashboard) [Y/n/?] (NEW)
  Run heapster? (phase3.heapster) [Y/n/?] (NEW)
  Run kube-dns? (phase3.kube_dns) [Y/n/?] (NEW)
  Run weave-net? (phase3.weave_net) [N/y/?] (NEW)
#
# configuration written to .config
[container]:/opt/kubernetes-anywhere>
[container]:/opt/kubernetes-anywhere>






[container]:/opt/kubernetes-anywhere>
[container]:/opt/kubernetes-anywhere>
[container]:/opt/kubernetes-anywhere> make deploy
util/config_to_json /opt/kubernetes-anywhere/.config > /opt/kubernetes-anywhere/.config.json
make do WHAT=deploy-cluster
make[1]: Entering directory '/opt/kubernetes-anywhere'
( cd "phase1/vsphere"; ./do deploy-cluster )
kubernetes/.tmp/vSphere-kubernetes.tf
data.template_file.cloudprovider: Refreshing state...
Error running plan: 1 error(s) occurred:

* provider.vsphere: Error setting up client: Post https://192.168.100.10/sdk: Forbidden
Makefile:70: recipe for target 'do' failed
make[1]: *** [do] Error 1
make[1]: Leaving directory '/opt/kubernetes-anywhere'
Makefile:48: recipe for target 'deploy-cluster' failed
make: *** [deploy-cluster] Error 2
[container]:/opt/kubernetes-anywhere> ls -la
total 92
drwxr-xr-x    1 root     root          4096 Apr 24 08:13 .
drwxr-xr-x    1 root     root          4096 Aug 25  2017 ..
-rw-r--r--    1 root     root          1254 Apr 24 08:13 .config
-rw-r--r--    1 root     root           991 Apr 24 08:13 .config.json
-rw-r--r--    1 root     root          1237 Apr 24 08:11 .config.old
-rw-r--r--    2 root     root            80 Aug 25  2017 .dockerignore
-rw-r--r--    2 root     root            57 Aug 25  2017 .gitignore
-rw-r--r--    1 root     root             0 Apr 24 08:06 .json
-rw-r--r--    2 root     root           202 Aug 25  2017 Dockerfile
-rw-r--r--    2 root     root           126 Aug 25  2017 Kconfig
-rw-r--r--    2 root     root         10789 Aug 25  2017 LICENSE
-rw-r--r--    2 root     root          2627 Aug 25  2017 Makefile
-rw-r--r--    2 root     root            79 Aug 25  2017 NOTICE
-rw-r--r--    2 root     root          4997 Aug 25  2017 PROPOSAL.md
-rw-r--r--    2 root     root          4851 Aug 25  2017 README.md
drwxr-xr-x    1 root     root          4096 Aug 25  2017 phase1
drwxr-xr-x    3 root     root          4096 Apr 23 10:49 phase2
drwxr-xr-x    8 root     root          4096 Apr 23 10:49 phase3
drwxr-xr-x    3 root     root          4096 Apr 23 10:49 test
drwxr-xr-x    2 root     root          4096 Apr 23 10:49 util
[container]:/opt/kubernetes-anywhere> cat .config
#
# Automatically generated file; DO NOT EDIT.
# Kubernetes Minimal Turnup Configuration
#

#
# Phase 1: Cluster Resource Provisioning
#
.phase1.num_nodes=4
.phase1.cluster_name="kubernetes"
.phase1.ssh_user="chilcano"
.phase1.cloud_provider="vsphere"

#
# vSphere configuration
#
.phase1.vSphere.url="192.168.100.10"
.phase1.vSphere.port=443
.phase1.vSphere.username="rogerca@RISELABTLV.LOCAL"
.phase1.vSphere.password="C4rd3d3u"
.phase1.vSphere.insecure=y
.phase1.vSphere.datacenter="Rise"
.phase1.vSphere.datastore="vsanDatastore"
.phase1.vSphere.placement="cluster"
.phase1.vSphere.cluster=""
.phase1.vSphere.useresourcepool="no"
.phase1.vSphere.vmfolderpath="kubernetes"
.phase1.vSphere.vcpu=1
.phase1.vSphere.memory=2048
.phase1.vSphere.network="VM Network"
.phase1.vSphere.template="KubernetesAnywhereTemplatePhotonOS.ova"
.phase1.vSphere.flannel_net="172.1.0.0/16"

#
# Phase 2: Node Bootstrapping
#
.phase2.kubernetes_version="v1.6.5"
.phase2.provider="ignition"
.phase2.installer_container="docker.io/cnastorage/k8s-ignition:v2"
.phase2.docker_registry="gcr.io/google-containers"

#
# Phase 3: Deploying Addons
#
.phase3.run_addons=y
.phase3.kube_proxy=y
.phase3.dashboard=y
.phase3.heapster=y
.phase3.kube_dns=y
# .phase3.weave_net is not set
[container]:/opt/kubernetes-anywhere>
